<?xml version="1.0" encoding="UTF-8"?>
<!-- Generated by org.testng.reporters.JUnitXMLReporter -->
<testsuite ignored="0" hostname="LAPTOP-96NGRBBO" failures="0" tests="4" name="Test" time="43.6" errors="0" timestamp="2025-03-19T11:34:20 IST">
  <testcase classname="hms_SystemTest.CreatePatientTest" name="CreatePatient_Test" time="12.608"/>
  <testcase classname="hms_SystemTest.CreateStaffTest" name="CreateStaff_Test" time="13.905"/>
  <testcase classname="hms_SystemTest.OPDPatientInvoiceTest" name="OPDPatientInvoice_Test" time="11.379"/>
  <testcase classname="hms_SystemTest.DischargePatientTest" name="DischargePatient_Test" time="5.619"/>
</testsuite> <!-- Test -->
