<?xml version="1.0" encoding="UTF-8"?>
<testng-results ignored="0" total="10" passed="9" failed="1" skipped="0">
  <reporter-output>
  </reporter-output>
  <suite started-at="2025-03-19T12:51:35 IST" name="Default suite" finished-at="2025-03-19T12:53:09 IST" duration-ms="93272">
    <groups>
      <group name="systemTest">
        <method signature="Hms_AllTest.CreatePatient_Test()[pri:0, instance:comcast_hms_testNgTest.Hms_AllTest@2f4948e4]" name="CreatePatient_Test" class="comcast_hms_testNgTest.Hms_AllTest"/>
        <method signature="Hms_AllTest.CreateStaff_Test()[pri:0, instance:comcast_hms_testNgTest.Hms_AllTest@2f4948e4]" name="CreateStaff_Test" class="comcast_hms_testNgTest.Hms_AllTest"/>
        <method signature="Hms_AllTest.DischargePatient_Test()[pri:0, instance:comcast_hms_testNgTest.Hms_AllTest@2f4948e4]" name="DischargePatient_Test" class="comcast_hms_testNgTest.Hms_AllTest"/>
        <method signature="Hms_AllTest.OPDPatientInvoice_Test()[pri:0, instance:comcast_hms_testNgTest.Hms_AllTest@2f4948e4]" name="OPDPatientInvoice_Test" class="comcast_hms_testNgTest.Hms_AllTest"/>
      </group> <!-- systemTest -->
      <group name="integrationTest">
        <method signature="Hms_AllTest.StaffDoctorWorkingTimeCheckTest()[pri:0, instance:comcast_hms_testNgTest.Hms_AllTest@2f4948e4]" name="StaffDoctorWorkingTimeCheckTest" class="comcast_hms_testNgTest.Hms_AllTest"/>
        <method signature="Hms_AllTest.UpdateRoomInformationTest()[pri:0, instance:comcast_hms_testNgTest.Hms_AllTest@2f4948e4]" name="UpdateRoomInformationTest" class="comcast_hms_testNgTest.Hms_AllTest"/>
        <method signature="Hms_AllTest.patientRegistrationToPatientSearch_Test()[pri:0, instance:comcast_hms_testNgTest.Hms_AllTest@2f4948e4]" name="patientRegistrationToPatientSearch_Test" class="comcast_hms_testNgTest.Hms_AllTest"/>
      </group> <!-- integrationTest -->
      <group name="smokeTest">
        <method signature="Hms_AllTest.RoomInformationIsymbol_Test()[pri:0, instance:comcast_hms_testNgTest.Hms_AllTest@2f4948e4]" name="RoomInformationIsymbol_Test" class="comcast_hms_testNgTest.Hms_AllTest"/>
        <method signature="Hms_AllTest.ViewOPDPatientInvoice_Test()[pri:0, instance:comcast_hms_testNgTest.Hms_AllTest@2f4948e4]" name="ViewOPDPatientInvoice_Test" class="comcast_hms_testNgTest.Hms_AllTest"/>
        <method signature="Hms_AllTest.staffTest()[pri:0, instance:comcast_hms_testNgTest.Hms_AllTest@2f4948e4]" name="staffTest" class="comcast_hms_testNgTest.Hms_AllTest"/>
      </group> <!-- smokeTest -->
    </groups>
    <test started-at="2025-03-19T12:51:35 IST" name="Default test" finished-at="2025-03-19T12:53:09 IST" duration-ms="93272">
      <class name="comcast_hms_testNgTest.Hms_AllTest">
        <test-method is-config="true" signature="configBS()[pri:0, instance:comcast_hms_testNgTest.Hms_AllTest@2f4948e4]" started-at="2025-03-19T12:51:35 IST" name="configBS" finished-at="2025-03-19T12:51:35 IST" duration-ms="340" status="PASS">
          <reporter-output>
          </reporter-output>
        </test-method> <!-- configBS -->
        <test-method is-config="true" signature="configBC(java.lang.String)[pri:0, instance:comcast_hms_testNgTest.Hms_AllTest@2f4948e4]" started-at="2025-03-19T12:51:35 IST" name="configBC" finished-at="2025-03-19T12:51:45 IST" duration-ms="9316" status="PASS">
          <params>
            <param index="0">
              <value>
                <![CDATA[chrome]]>
              </value>
            </param>
          </params>
          <reporter-output>
          </reporter-output>
        </test-method> <!-- configBC -->
        <test-method is-config="true" signature="configBM()[pri:0, instance:comcast_hms_testNgTest.Hms_AllTest@2f4948e4]" started-at="2025-03-19T12:51:45 IST" name="configBM" finished-at="2025-03-19T12:51:52 IST" duration-ms="7485" status="PASS">
          <reporter-output>
          </reporter-output>
        </test-method> <!-- configBM -->
        <test-method signature="CreatePatient_Test()[pri:0, instance:comcast_hms_testNgTest.Hms_AllTest@2f4948e4]" started-at="2025-03-19T12:51:52 IST" name="CreatePatient_Test" finished-at="2025-03-19T12:52:00 IST" duration-ms="7516" status="PASS">
          <reporter-output>
          </reporter-output>
        </test-method> <!-- CreatePatient_Test -->
        <test-method is-config="true" signature="congigAM()[pri:0, instance:comcast_hms_testNgTest.Hms_AllTest@2f4948e4]" started-at="2025-03-19T12:52:00 IST" name="congigAM" finished-at="2025-03-19T12:52:00 IST" duration-ms="655" status="PASS">
          <reporter-output>
          </reporter-output>
        </test-method> <!-- congigAM -->
        <test-method is-config="true" signature="configBM()[pri:0, instance:comcast_hms_testNgTest.Hms_AllTest@2f4948e4]" started-at="2025-03-19T12:52:00 IST" name="configBM" finished-at="2025-03-19T12:52:02 IST" duration-ms="1149" status="PASS">
          <reporter-output>
          </reporter-output>
        </test-method> <!-- configBM -->
        <test-method signature="CreateStaff_Test()[pri:0, instance:comcast_hms_testNgTest.Hms_AllTest@2f4948e4]" started-at="2025-03-19T12:52:02 IST" name="CreateStaff_Test" finished-at="2025-03-19T12:52:17 IST" duration-ms="15793" status="PASS">
          <reporter-output>
          </reporter-output>
        </test-method> <!-- CreateStaff_Test -->
        <test-method is-config="true" signature="congigAM()[pri:0, instance:comcast_hms_testNgTest.Hms_AllTest@2f4948e4]" started-at="2025-03-19T12:52:17 IST" name="congigAM" finished-at="2025-03-19T12:52:18 IST" duration-ms="869" status="PASS">
          <reporter-output>
          </reporter-output>
        </test-method> <!-- congigAM -->
        <test-method is-config="true" signature="configBM()[pri:0, instance:comcast_hms_testNgTest.Hms_AllTest@2f4948e4]" started-at="2025-03-19T12:52:18 IST" name="configBM" finished-at="2025-03-19T12:52:25 IST" duration-ms="6466" status="PASS">
          <reporter-output>
          </reporter-output>
        </test-method> <!-- configBM -->
        <test-method signature="DischargePatient_Test()[pri:0, instance:comcast_hms_testNgTest.Hms_AllTest@2f4948e4]" started-at="2025-03-19T12:52:25 IST" name="DischargePatient_Test" finished-at="2025-03-19T12:52:29 IST" duration-ms="3827" status="PASS">
          <reporter-output>
          </reporter-output>
        </test-method> <!-- DischargePatient_Test -->
        <test-method is-config="true" signature="congigAM()[pri:0, instance:comcast_hms_testNgTest.Hms_AllTest@2f4948e4]" started-at="2025-03-19T12:52:29 IST" name="congigAM" finished-at="2025-03-19T12:52:31 IST" duration-ms="2461" status="PASS">
          <reporter-output>
          </reporter-output>
        </test-method> <!-- congigAM -->
        <test-method is-config="true" signature="configBM()[pri:0, instance:comcast_hms_testNgTest.Hms_AllTest@2f4948e4]" started-at="2025-03-19T12:52:31 IST" name="configBM" finished-at="2025-03-19T12:52:36 IST" duration-ms="4885" status="PASS">
          <reporter-output>
          </reporter-output>
        </test-method> <!-- configBM -->
        <test-method signature="OPDPatientInvoice_Test()[pri:0, instance:comcast_hms_testNgTest.Hms_AllTest@2f4948e4]" started-at="2025-03-19T12:52:36 IST" name="OPDPatientInvoice_Test" finished-at="2025-03-19T12:52:47 IST" duration-ms="10614" status="PASS">
          <reporter-output>
          </reporter-output>
        </test-method> <!-- OPDPatientInvoice_Test -->
        <test-method is-config="true" signature="congigAM()[pri:0, instance:comcast_hms_testNgTest.Hms_AllTest@2f4948e4]" started-at="2025-03-19T12:52:47 IST" name="congigAM" finished-at="2025-03-19T12:52:47 IST" duration-ms="438" status="PASS">
          <reporter-output>
          </reporter-output>
        </test-method> <!-- congigAM -->
        <test-method is-config="true" signature="configBM()[pri:0, instance:comcast_hms_testNgTest.Hms_AllTest@2f4948e4]" started-at="2025-03-19T12:52:47 IST" name="configBM" finished-at="2025-03-19T12:52:48 IST" duration-ms="503" status="PASS">
          <reporter-output>
          </reporter-output>
        </test-method> <!-- configBM -->
        <test-method signature="RoomInformationIsymbol_Test()[pri:0, instance:comcast_hms_testNgTest.Hms_AllTest@2f4948e4]" started-at="2025-03-19T12:52:48 IST" name="RoomInformationIsymbol_Test" finished-at="2025-03-19T12:52:48 IST" duration-ms="433" status="PASS">
          <reporter-output>
          </reporter-output>
        </test-method> <!-- RoomInformationIsymbol_Test -->
        <test-method is-config="true" signature="congigAM()[pri:0, instance:comcast_hms_testNgTest.Hms_AllTest@2f4948e4]" started-at="2025-03-19T12:52:48 IST" name="congigAM" finished-at="2025-03-19T12:52:48 IST" duration-ms="156" status="PASS">
          <reporter-output>
          </reporter-output>
        </test-method> <!-- congigAM -->
        <test-method is-config="true" signature="configBM()[pri:0, instance:comcast_hms_testNgTest.Hms_AllTest@2f4948e4]" started-at="2025-03-19T12:52:48 IST" name="configBM" finished-at="2025-03-19T12:52:49 IST" duration-ms="516" status="PASS">
          <reporter-output>
          </reporter-output>
        </test-method> <!-- configBM -->
        <test-method signature="StaffDoctorWorkingTimeCheckTest()[pri:0, instance:comcast_hms_testNgTest.Hms_AllTest@2f4948e4]" started-at="2025-03-19T12:52:49 IST" name="StaffDoctorWorkingTimeCheckTest" finished-at="2025-03-19T12:52:49 IST" duration-ms="683" status="PASS">
          <reporter-output>
          </reporter-output>
        </test-method> <!-- StaffDoctorWorkingTimeCheckTest -->
        <test-method is-config="true" signature="congigAM()[pri:0, instance:comcast_hms_testNgTest.Hms_AllTest@2f4948e4]" started-at="2025-03-19T12:52:49 IST" name="congigAM" finished-at="2025-03-19T12:52:49 IST" duration-ms="184" status="PASS">
          <reporter-output>
          </reporter-output>
        </test-method> <!-- congigAM -->
        <test-method is-config="true" signature="configBM()[pri:0, instance:comcast_hms_testNgTest.Hms_AllTest@2f4948e4]" started-at="2025-03-19T12:52:50 IST" name="configBM" finished-at="2025-03-19T12:52:51 IST" duration-ms="1016" status="PASS">
          <reporter-output>
          </reporter-output>
        </test-method> <!-- configBM -->
        <test-method signature="UpdateRoomInformationTest()[pri:0, instance:comcast_hms_testNgTest.Hms_AllTest@2f4948e4]" started-at="2025-03-19T12:52:51 IST" name="UpdateRoomInformationTest" finished-at="2025-03-19T12:52:53 IST" duration-ms="2684" status="PASS">
          <reporter-output>
          </reporter-output>
        </test-method> <!-- UpdateRoomInformationTest -->
        <test-method is-config="true" signature="congigAM()[pri:0, instance:comcast_hms_testNgTest.Hms_AllTest@2f4948e4]" started-at="2025-03-19T12:52:53 IST" name="congigAM" finished-at="2025-03-19T12:52:54 IST" duration-ms="571" status="PASS">
          <reporter-output>
          </reporter-output>
        </test-method> <!-- congigAM -->
        <test-method is-config="true" signature="configBM()[pri:0, instance:comcast_hms_testNgTest.Hms_AllTest@2f4948e4]" started-at="2025-03-19T12:52:54 IST" name="configBM" finished-at="2025-03-19T12:52:55 IST" duration-ms="1173" status="PASS">
          <reporter-output>
          </reporter-output>
        </test-method> <!-- configBM -->
        <test-method signature="ViewOPDPatientInvoice_Test()[pri:0, instance:comcast_hms_testNgTest.Hms_AllTest@2f4948e4]" started-at="2025-03-19T12:52:55 IST" name="ViewOPDPatientInvoice_Test" finished-at="2025-03-19T12:52:57 IST" duration-ms="2532" status="PASS">
          <reporter-output>
          </reporter-output>
        </test-method> <!-- ViewOPDPatientInvoice_Test -->
        <test-method is-config="true" signature="congigAM()[pri:0, instance:comcast_hms_testNgTest.Hms_AllTest@2f4948e4]" started-at="2025-03-19T12:52:57 IST" name="congigAM" finished-at="2025-03-19T12:52:58 IST" duration-ms="203" status="PASS">
          <reporter-output>
          </reporter-output>
        </test-method> <!-- congigAM -->
        <test-method is-config="true" signature="configBM()[pri:0, instance:comcast_hms_testNgTest.Hms_AllTest@2f4948e4]" started-at="2025-03-19T12:52:58 IST" name="configBM" finished-at="2025-03-19T12:52:59 IST" duration-ms="913" status="PASS">
          <reporter-output>
          </reporter-output>
        </test-method> <!-- configBM -->
        <test-method signature="patientRegistrationToPatientSearch_Test()[pri:0, instance:comcast_hms_testNgTest.Hms_AllTest@2f4948e4]" started-at="2025-03-19T12:52:59 IST" name="patientRegistrationToPatientSearch_Test" finished-at="2025-03-19T12:53:02 IST" duration-ms="3458" status="FAIL">
          <exception class="org.openqa.selenium.ElementClickInterceptedException">
            <message>
              <![CDATA[element click intercepted: Element <strong>...</strong> is not clickable at point (847, 9). Other element would receive the click: <a href="invoinfo.php">...</a>
  (Session info: chrome=134.0.6998.89)
Build info: version: '4.28.1', revision: '73f5ad48a2'
System info: os.name: 'Windows 11', os.arch: 'amd64', os.version: '10.0', java.version: '22.0.1'
Driver info: org.openqa.selenium.chrome.ChromeDriver
Command: [cbbef8fe7f254df7411b3650d4fe4707, clickElement {id=f.03EEFAC9BB7E0FBA211E88F7528996E9.d.E4C28FEAFC8DEB14E9794557035549E5.e.161}]
Capabilities {acceptInsecureCerts: false, browserName: chrome, browserVersion: 134.0.6998.89, chrome: {chromedriverVersion: 134.0.6998.88 (7e3d5c978c6d..., userDataDir: C:\Users\dhivy\AppData\Loca...}, fedcm:accounts: true, goog:chromeOptions: {debuggerAddress: localhost:57200}, networkConnectionEnabled: false, pageLoadStrategy: normal, platformName: windows, proxy: Proxy(), se:cdp: ws://localhost:57200/devtoo..., se:cdpVersion: 134.0.6998.89, setWindowRect: true, strictFileInteractability: false, timeouts: {implicit: 0, pageLoad: 300000, script: 30000}, unhandledPromptBehavior: dismiss and notify, webauthn:extension:credBlob: true, webauthn:extension:largeBlob: true, webauthn:extension:minPinLength: true, webauthn:extension:prf: true, webauthn:virtualAuthenticators: true}
Element: [[ChromeDriver: chrome on windows (cbbef8fe7f254df7411b3650d4fe4707)] -> xpath: //strong[text()='Patient Search']]
Session ID: cbbef8fe7f254df7411b3650d4fe4707]]>
            </message>
            <full-stacktrace>
              <![CDATA[org.openqa.selenium.ElementClickInterceptedException: element click intercepted: Element <strong>...</strong> is not clickable at point (847, 9). Other element would receive the click: <a href="invoinfo.php">...</a>
  (Session info: chrome=134.0.6998.89)
Build info: version: '4.28.1', revision: '73f5ad48a2'
System info: os.name: 'Windows 11', os.arch: 'amd64', os.version: '10.0', java.version: '22.0.1'
Driver info: org.openqa.selenium.chrome.ChromeDriver
Command: [cbbef8fe7f254df7411b3650d4fe4707, clickElement {id=f.03EEFAC9BB7E0FBA211E88F7528996E9.d.E4C28FEAFC8DEB14E9794557035549E5.e.161}]
Capabilities {acceptInsecureCerts: false, browserName: chrome, browserVersion: 134.0.6998.89, chrome: {chromedriverVersion: 134.0.6998.88 (7e3d5c978c6d..., userDataDir: C:\Users\dhivy\AppData\Loca...}, fedcm:accounts: true, goog:chromeOptions: {debuggerAddress: localhost:57200}, networkConnectionEnabled: false, pageLoadStrategy: normal, platformName: windows, proxy: Proxy(), se:cdp: ws://localhost:57200/devtoo..., se:cdpVersion: 134.0.6998.89, setWindowRect: true, strictFileInteractability: false, timeouts: {implicit: 0, pageLoad: 300000, script: 30000}, unhandledPromptBehavior: dismiss and notify, webauthn:extension:credBlob: true, webauthn:extension:largeBlob: true, webauthn:extension:minPinLength: true, webauthn:extension:prf: true, webauthn:virtualAuthenticators: true}
Element: [[ChromeDriver: chrome on windows (cbbef8fe7f254df7411b3650d4fe4707)] -> xpath: //strong[text()='Patient Search']]
Session ID: cbbef8fe7f254df7411b3650d4fe4707
at java.base/jdk.internal.reflect.DirectConstructorHandleAccessor.newInstance(DirectConstructorHandleAccessor.java:62)
at java.base/java.lang.reflect.Constructor.newInstanceWithCaller(Constructor.java:502)
at java.base/java.lang.reflect.Constructor.newInstance(Constructor.java:486)
at org.openqa.selenium.remote.ErrorCodec.decode(ErrorCodec.java:167)
at org.openqa.selenium.remote.codec.w3c.W3CHttpResponseCodec.decode(W3CHttpResponseCodec.java:138)
at org.openqa.selenium.remote.codec.w3c.W3CHttpResponseCodec.decode(W3CHttpResponseCodec.java:50)
at org.openqa.selenium.remote.HttpCommandExecutor.execute(HttpCommandExecutor.java:215)
at org.openqa.selenium.remote.service.DriverCommandExecutor.invokeExecute(DriverCommandExecutor.java:216)
at org.openqa.selenium.remote.service.DriverCommandExecutor.execute(DriverCommandExecutor.java:174)
at org.openqa.selenium.remote.RemoteWebDriver.execute(RemoteWebDriver.java:545)
at org.openqa.selenium.remote.RemoteWebElement.execute(RemoteWebElement.java:223)
at org.openqa.selenium.remote.RemoteWebElement.click(RemoteWebElement.java:76)
at java.base/jdk.internal.reflect.DirectMethodHandleAccessor.invoke(DirectMethodHandleAccessor.java:103)
at java.base/java.lang.reflect.Method.invoke(Method.java:580)
at org.openqa.selenium.support.pagefactory.internal.LocatingElementHandler.invoke(LocatingElementHandler.java:51)
at jdk.proxy2/jdk.proxy2.$Proxy21.click(Unknown Source)
at com.comcast.hms.ObjectRepository.PatientInfoPage.navigatepatientSearchLink(PatientInfoPage.java:54)
at comcast_hms_testNgTest.Hms_AllTest.patientRegistrationToPatientSearch_Test(Hms_AllTest.java:317)
at java.base/jdk.internal.reflect.DirectMethodHandleAccessor.invoke(DirectMethodHandleAccessor.java:103)
at java.base/java.lang.reflect.Method.invoke(Method.java:580)
at org.testng.internal.invokers.MethodInvocationHelper.invokeMethod(MethodInvocationHelper.java:139)
at org.testng.internal.invokers.TestInvoker.invokeMethod(TestInvoker.java:677)
at org.testng.internal.invokers.TestInvoker.invokeTestMethod(TestInvoker.java:221)
at org.testng.internal.invokers.MethodRunner.runInSequence(MethodRunner.java:50)
at org.testng.internal.invokers.TestInvoker$MethodInvocationAgent.invoke(TestInvoker.java:969)
at org.testng.internal.invokers.TestInvoker.invokeTestMethods(TestInvoker.java:194)
at org.testng.internal.invokers.TestMethodWorker.invokeTestMethods(TestMethodWorker.java:148)
at org.testng.internal.invokers.TestMethodWorker.run(TestMethodWorker.java:128)
at java.base/java.util.ArrayList.forEach(ArrayList.java:1597)
at org.testng.TestRunner.privateRun(TestRunner.java:829)
at org.testng.TestRunner.run(TestRunner.java:602)
at org.testng.SuiteRunner.runTest(SuiteRunner.java:437)
at org.testng.SuiteRunner.runSequentially(SuiteRunner.java:431)
at org.testng.SuiteRunner.privateRun(SuiteRunner.java:391)
at org.testng.SuiteRunner.run(SuiteRunner.java:330)
at org.testng.SuiteRunnerWorker.runSuite(SuiteRunnerWorker.java:52)
at org.testng.SuiteRunnerWorker.run(SuiteRunnerWorker.java:95)
at org.testng.TestNG.runSuitesSequentially(TestNG.java:1256)
at org.testng.TestNG.runSuitesLocally(TestNG.java:1176)
at org.testng.TestNG.runSuites(TestNG.java:1099)
at org.testng.TestNG.run(TestNG.java:1067)
at org.testng.remote.AbstractRemoteTestNG.run(AbstractRemoteTestNG.java:115)
at org.testng.remote.RemoteTestNG.initAndRun(RemoteTestNG.java:293)
at org.testng.remote.RemoteTestNG.main(RemoteTestNG.java:91)
]]>
            </full-stacktrace>
          </exception> <!-- org.openqa.selenium.ElementClickInterceptedException -->
          <reporter-output>
          </reporter-output>
        </test-method> <!-- patientRegistrationToPatientSearch_Test -->
        <test-method is-config="true" signature="congigAM()[pri:0, instance:comcast_hms_testNgTest.Hms_AllTest@2f4948e4]" started-at="2025-03-19T12:53:02 IST" name="congigAM" finished-at="2025-03-19T12:53:03 IST" duration-ms="792" status="PASS">
          <reporter-output>
          </reporter-output>
        </test-method> <!-- congigAM -->
        <test-method is-config="true" signature="configBM()[pri:0, instance:comcast_hms_testNgTest.Hms_AllTest@2f4948e4]" started-at="2025-03-19T12:53:03 IST" name="configBM" finished-at="2025-03-19T12:53:06 IST" duration-ms="2565" status="PASS">
          <reporter-output>
          </reporter-output>
        </test-method> <!-- configBM -->
        <test-method signature="staffTest()[pri:0, instance:comcast_hms_testNgTest.Hms_AllTest@2f4948e4]" started-at="2025-03-19T12:53:06 IST" name="staffTest" finished-at="2025-03-19T12:53:07 IST" duration-ms="1501" status="PASS">
          <reporter-output>
          </reporter-output>
        </test-method> <!-- staffTest -->
        <test-method is-config="true" signature="congigAM()[pri:0, instance:comcast_hms_testNgTest.Hms_AllTest@2f4948e4]" started-at="2025-03-19T12:53:07 IST" name="congigAM" finished-at="2025-03-19T12:53:08 IST" duration-ms="824" status="PASS">
          <reporter-output>
          </reporter-output>
        </test-method> <!-- congigAM -->
        <test-method is-config="true" signature="configAC()[pri:0, instance:comcast_hms_testNgTest.Hms_AllTest@2f4948e4]" started-at="2025-03-19T12:53:08 IST" name="configAC" finished-at="2025-03-19T12:53:09 IST" duration-ms="564" status="PASS">
          <reporter-output>
          </reporter-output>
        </test-method> <!-- configAC -->
        <test-method is-config="true" signature="configAS()[pri:0, instance:comcast_hms_testNgTest.Hms_AllTest@2f4948e4]" started-at="2025-03-19T12:53:09 IST" name="configAS" finished-at="2025-03-19T12:53:09 IST" duration-ms="16" status="PASS">
          <reporter-output>
          </reporter-output>
        </test-method> <!-- configAS -->
      </class> <!-- comcast_hms_testNgTest.Hms_AllTest -->
    </test> <!-- Default test -->
  </suite> <!-- Default suite -->
</testng-results>
